 
 TRNSHD Version 1.0.185b
 
 Integrated 2D clipping routine: GPC general polygon clipper library Version 2.2
 3 from Alan Murta, University of Manchester,UK
 
 Note: Successfully opened shading log file.
 
 Note: Processing surface data
 Orientation of wall   SURF=   8: azimuth angle= 180.00°, slope=  90.00°
 Orientation of wall   SURF=   9: azimuth angle=   0.00°, slope=  90.00°
 Orientation of window SURF=  14: azimuth angle=   0.00°, slope=  90.00°
 Orientation of wall   SURF=  10: azimuth angle=  90.00°, slope=  90.00°
 Orientation of wall   SURF=  12: azimuth angle=   0.00°, slope=   0.00°
 Orientation of wall   SURF=  15: azimuth angle=   0.00°, slope=   0.00°
 Orientation of wall   SURF=  16: azimuth angle= 180.00°, slope=  90.00°
 Orientation of wall   SURF=  19: azimuth angle=   0.00°, slope=  90.00°
 Orientation of window SURF=  21: azimuth angle=   0.00°, slope=  90.00°
 Orientation of wall   SURF=  20: azimuth angle= 270.00°, slope=  90.00°
 Orientation of wall   SURF=   1: azimuth angle=   0.00°, slope= 180.00°
 Orientation of wall   SURF=   2: azimuth angle=   0.00°, slope=  90.00°
 Orientation of wall   SURF=   3: azimuth angle= 180.00°, slope=  90.00°
 Orientation of wall   SURF=   4: azimuth angle=   0.00°, slope=   0.00°
 Orientation of wall   SURF=   5: azimuth angle=  90.00°, slope=  90.00°
 Orientation of wall   SURF=   6: azimuth angle= 270.00°, slope=  90.00°
 Orientation of wall   SURF=   7: azimuth angle=   0.00°, slope=   0.00°
 Orientation of wall   SURF=  11: azimuth angle=   0.00°, slope= 180.00°
 Orientation of wall   SURF=  13: azimuth angle= 270.00°, slope=  90.00°
 Orientation of wall   SURF=  17: azimuth angle=   0.00°, slope= 180.00°
 Orientation of wall   SURF=  18: azimuth angle=  90.00°, slope=  90.00°
 
 Processing external WALL SURF=   9 at time   1
 Processing external WALL SURF=  19 at time   1
 
*** Notice at time        :         0.000000
    Generated by Unit     : Not applicable or not available
    Generated by Type     : Not applicable or not available
    TRNSHD Message     13 : Successfully completed shading analysis.
    Reported information  : Not available
 
 No window is shaded. Therefore no shading matrix file *.SHM is written!
 
 Writing insolation surface matrix file:
 C:\Users\YkorT\OneDrive\YKOR\Poly\Automne 2024\MEC8370 - AER8875 Projets intégr
 ateurs IV\Demo\New folder\Code and database\Modified-Simple-Step3_3_002.ism
 
 Writing insolation surface matrix file:
 C:\Users\YkorT\OneDrive\YKOR\Poly\Automne 2024\MEC8370 - AER8875 Projets intégr
 ateurs IV\Demo\New folder\Code and database\Modified-Simple-Step3_3_003.ism
  
 Note: Time spent for complete shading analysis: 3.9999999E-02 seconds
  
